<?xml version="1.0" encoding="UTF-8"?>
<testng-results skipped="0" failed="0" ignored="0" total="2" passed="2">
  <reporter-output>
  </reporter-output>
  <suite name="Default suite" duration-ms="36132" started-at="2020-01-10T11:03:30Z" finished-at="2020-01-10T11:04:06Z">
    <groups>
    </groups>
    <test name="Default test" duration-ms="36132" started-at="2020-01-10T11:03:30Z" finished-at="2020-01-10T11:04:06Z">
      <class name="myGoogleTest.VerifyGooglePageTest">
        <test-method status="PASS" signature="startapp()[pri:0, instance:myGoogleTest.VerifyGooglePageTest@59fa1d9b]" name="startapp" is-config="true" duration-ms="15540" started-at="2020-01-10T11:03:30Z" finished-at="2020-01-10T11:03:45Z">
          <reporter-output>
          </reporter-output>
        </test-method> <!-- startapp -->
        <test-method status="PASS" signature="checklogo()[pri:0, instance:myGoogleTest.VerifyGooglePageTest@59fa1d9b]" name="checklogo" duration-ms="108" started-at="2020-01-10T11:03:45Z" finished-at="2020-01-10T11:03:45Z">
          <reporter-output>
          </reporter-output>
        </test-method> <!-- checklogo -->
        <test-method status="PASS" signature="closebrowser()[pri:0, instance:myGoogleTest.VerifyGooglePageTest@59fa1d9b]" name="closebrowser" is-config="true" duration-ms="4159" started-at="2020-01-10T11:03:45Z" finished-at="2020-01-10T11:03:49Z">
          <reporter-output>
          </reporter-output>
        </test-method> <!-- closebrowser -->
        <test-method status="PASS" signature="startapp()[pri:0, instance:myGoogleTest.VerifyGooglePageTest@59fa1d9b]" name="startapp" is-config="true" duration-ms="11873" started-at="2020-01-10T11:03:49Z" finished-at="2020-01-10T11:04:01Z">
          <reporter-output>
          </reporter-output>
        </test-method> <!-- startapp -->
        <test-method status="PASS" signature="checktitle()[pri:0, instance:myGoogleTest.VerifyGooglePageTest@59fa1d9b]" name="checktitle" duration-ms="7" started-at="2020-01-10T11:04:01Z" finished-at="2020-01-10T11:04:01Z">
          <reporter-output>
          </reporter-output>
        </test-method> <!-- checktitle -->
        <test-method status="PASS" signature="closebrowser()[pri:0, instance:myGoogleTest.VerifyGooglePageTest@59fa1d9b]" name="closebrowser" is-config="true" duration-ms="4414" started-at="2020-01-10T11:04:01Z" finished-at="2020-01-10T11:04:06Z">
          <reporter-output>
          </reporter-output>
        </test-method> <!-- closebrowser -->
      </class> <!-- myGoogleTest.VerifyGooglePageTest -->
    </test> <!-- Default test -->
  </suite> <!-- Default suite -->
</testng-results>
